/sw/summit/open-ce/anaconda-base/envs/open-ce-1.4.0-py38-0/etc/conda/deactivate.d/deactivate-tensorflow-base.sh: line 33: python: command not found
/sw/summit/open-ce/anaconda-base/envs/open-ce-1.4.0-py38-0/etc/conda/deactivate.d/deactivate-tensorflow-base.sh: line 34: python: command not found

Lmod is automatically replacing "xl/16.1.1-10" with "gcc/9.1.0".


Due to MODULEPATH changes, the following have been reloaded:
  1) spectrum-mpi/10.4.0.3-20210112

Warning: OMP_NUM_THREADS=16 is greater than available PU's
CC(C)(C)C

{'input_ids': [2, 22, 41, 6, 22, 7, 6, 22, 7, 22, 3], 'token_type_ids': [0, 0, 0, 0, 0, 0, 0, 0, 0, 0, 0], 'attention_mask': [1, 1, 1, 1, 1, 1, 1, 1, 1, 1, 1]}
[[[1.00000000e+00 0.00000000e+00 0.00000000e+00 ... 0.00000000e+00
   0.00000000e+00 0.00000000e+00]
  [1.00000000e+00 1.00000000e+00 0.00000000e+00 ... 0.00000000e+00
   0.00000000e+00 0.00000000e+00]
  [1.00000000e+00 1.00000000e+00 1.00000000e+00 ... 0.00000000e+00
   0.00000000e+00 0.00000000e+00]
  ...
  [1.00000000e+00 1.00000000e+00 1.00000000e+00 ... 1.00000000e+00
   0.00000000e+00 0.00000000e+00]
  [1.00000000e+00 1.00000000e+00 1.00000000e+00 ... 1.00000000e+00
   1.00000000e+00 0.00000000e+00]
  [1.00000000e+00 1.00000000e+00 1.00000000e+00 ... 1.00000000e+00
   1.00000000e+00 1.00000000e+00]]

 [[1.00000000e+00 3.05900838e-07 9.35753225e-14 ... 0.00000000e+00
   0.00000000e+00 0.00000000e+00]
  [1.00000000e+00 1.00000000e+00 6.11801582e-07 ... 0.00000000e+00
   0.00000000e+00 0.00000000e+00]
  [1.00000000e+00 1.00000000e+00 1.00000000e+00 ... 0.00000000e+00
   0.00000000e+00 0.00000000e+00]
  ...
  [1.00000000e+00 1.00000000e+00 1.00000000e+00 ... 1.00000000e+00
   1.89656750e-05 1.82750331e-10]
  [1.00000000e+00 1.00000000e+00 1.00000000e+00 ... 1.00000000e+00
   1.00000000e+00 1.92715700e-05]
  [1.00000000e+00 1.00000000e+00 1.00000000e+00 ... 1.00000000e+00
   1.00000000e+00 1.00000000e+00]]

 [[1.00000000e+00 3.15228612e-07 9.93690781e-14 ... 0.00000000e+00
   0.00000000e+00 0.00000000e+00]
  [1.00000000e+00 1.00000000e+00 6.30457126e-07 ... 0.00000000e+00
   0.00000000e+00 0.00000000e+00]
  [1.00000000e+00 1.00000000e+00 1.00000000e+00 ... 0.00000000e+00
   0.00000000e+00 0.00000000e+00]
  ...
  [1.00000000e+00 1.00000000e+00 1.00000000e+00 ... 1.00000000e+00
   1.95439861e-05 1.94065322e-10]
  [1.00000000e+00 1.00000000e+00 1.00000000e+00 ... 1.00000000e+00
   1.00000000e+00 1.98592085e-05]
  [1.00000000e+00 1.00000000e+00 1.00000000e+00 ... 1.00000000e+00
   1.00000000e+00 1.00000000e+00]]

 ...

 [[1.00000000e+00 9.99999675e-01 9.99999350e-01 ... 9.99980185e-01
   9.99979860e-01 9.99979536e-01]
  [1.00000000e+00 1.00000000e+00 1.00000000e+00 ... 1.00000000e+00
   1.00000000e+00 1.00000000e+00]
  [1.00000000e+00 1.00000000e+00 1.00000000e+00 ... 1.00000000e+00
   1.00000000e+00 1.00000000e+00]
  ...
  [1.00000000e+00 1.00000000e+00 1.00000000e+00 ... 1.00000000e+00
   1.00000000e+00 1.00000000e+00]
  [1.00000000e+00 1.00000000e+00 1.00000000e+00 ... 1.00000000e+00
   1.00000000e+00 1.00000000e+00]
  [1.00000000e+00 1.00000000e+00 1.00000000e+00 ... 1.00000000e+00
   1.00000000e+00 1.00000000e+00]]

 [[1.00000000e+00 9.99999685e-01 9.99999370e-01 ... 9.99980771e-01
   9.99980456e-01 9.99980141e-01]
  [1.00000000e+00 1.00000000e+00 1.00000000e+00 ... 1.00000000e+00
   1.00000000e+00 1.00000000e+00]
  [1.00000000e+00 1.00000000e+00 1.00000000e+00 ... 1.00000000e+00
   1.00000000e+00 1.00000000e+00]
  ...
  [1.00000000e+00 1.00000000e+00 1.00000000e+00 ... 1.00000000e+00
   1.00000000e+00 1.00000000e+00]
  [1.00000000e+00 1.00000000e+00 1.00000000e+00 ... 1.00000000e+00
   1.00000000e+00 1.00000000e+00]
  [1.00000000e+00 1.00000000e+00 1.00000000e+00 ... 1.00000000e+00
   1.00000000e+00 1.00000000e+00]]

 [[1.00000000e+00 9.99999694e-01 9.99999388e-01 ... 9.99981340e-01
   9.99981034e-01 9.99980728e-01]
  [1.00000000e+00 1.00000000e+00 1.00000000e+00 ... 1.00000000e+00
   1.00000000e+00 1.00000000e+00]
  [1.00000000e+00 1.00000000e+00 1.00000000e+00 ... 1.00000000e+00
   1.00000000e+00 1.00000000e+00]
  ...
  [1.00000000e+00 1.00000000e+00 1.00000000e+00 ... 1.00000000e+00
   1.00000000e+00 1.00000000e+00]
  [1.00000000e+00 1.00000000e+00 1.00000000e+00 ... 1.00000000e+00
   1.00000000e+00 1.00000000e+00]
  [1.00000000e+00 1.00000000e+00 1.00000000e+00 ... 1.00000000e+00
   1.00000000e+00 1.00000000e+00]]]
[[[ 0.  0.  0. ...  0.  0.  0.]
  [ 0.  0.  0. ...  0.  0.  0.]
  [ 0.  0.  0. ...  0.  0.  0.]
  ...
  [ 0.  0.  0. ...  0.  0.  0.]
  [ 0.  0.  0. ...  0.  0.  0.]
  [ 0.  0.  0. ...  0.  0.  0.]]

 [[ 1.  1.  1. ...  1.  1.  1.]
  [ 0.  0.  0. ...  0.  0.  0.]
  [ 0.  0.  0. ...  0.  0.  0.]
  ...
  [ 0.  0.  0. ...  0.  0.  0.]
  [ 0.  0.  0. ...  0.  0.  0.]
  [ 0.  0.  0. ...  0.  0.  0.]]

 [[ 2.  2.  2. ...  2.  2.  2.]
  [ 1.  1.  1. ...  1.  1.  1.]
  [ 0.  0.  0. ...  0.  0.  0.]
  ...
  [ 0.  0.  0. ...  0.  0.  0.]
  [ 0.  0.  0. ...  0.  0.  0.]
  [ 0.  0.  0. ...  0.  0.  0.]]

 ...

 [[61. 61. 61. ... 61. 61. 61.]
  [60. 60. 60. ... 60. 60. 60.]
  [59. 59. 59. ... 59. 59. 59.]
  ...
  [ 0.  0.  0. ...  0.  0.  0.]
  [ 0.  0.  0. ...  0.  0.  0.]
  [ 0.  0.  0. ...  0.  0.  0.]]

 [[62. 62. 62. ... 62. 62. 62.]
  [61. 61. 61. ... 61. 61. 61.]
  [60. 60. 60. ... 60. 60. 60.]
  ...
  [ 1.  1.  1. ...  1.  1.  1.]
  [ 0.  0.  0. ...  0.  0.  0.]
  [ 0.  0.  0. ...  0.  0.  0.]]

 [[63. 63. 63. ... 63. 63. 63.]
  [62. 62. 62. ... 62. 62. 62.]
  [61. 61. 61. ... 61. 61. 61.]
  ...
  [ 2.  2.  2. ...  2.  2.  2.]
  [ 1.  1.  1. ...  1.  1.  1.]
  [ 0.  0.  0. ...  0.  0.  0.]]]
[3.05900884e-07 3.15228662e-07 3.24836564e-07 3.34739143e-07
 3.44943674e-07 3.55461071e-07 3.66298610e-07 3.77463568e-07
 3.88970496e-07 4.00830308e-07 4.13050280e-07 4.25641326e-07
 4.38617998e-07 4.51987572e-07 4.65768238e-07 4.79967271e-07
 4.94599225e-07 5.09675012e-07 5.25212823e-07 5.41227209e-07
 5.57725447e-07 5.74729364e-07 5.92249875e-07 6.10305169e-07
 6.28909799e-07 6.48081953e-07 6.67839823e-07 6.88197960e-07
 7.09178192e-07 7.30798709e-07 7.53077701e-07 7.76033358e-07
 7.99691146e-07 8.24069254e-07 8.49193149e-07 8.75081021e-07
 9.01758335e-07 9.29250557e-07 9.57575878e-07 9.86770678e-07
 1.01685315e-06 1.04785239e-06 1.07979386e-06 1.11271396e-06
 1.14663450e-06 1.18159187e-06 1.21761153e-06 1.25472986e-06
 1.29298325e-06 1.33240079e-06 1.37301886e-06 1.41487385e-06
 1.45800942e-06 1.50245830e-06 1.54826050e-06 1.59545970e-06
 1.64409590e-06 1.69422004e-06 1.74586850e-06 1.79909221e-06
 1.85393846e-06 1.91045455e-06 1.96869505e-06 2.02871453e-06
 2.09056027e-06 2.15429050e-06 2.21996706e-06 2.28764087e-06
 2.35738107e-06 2.42924949e-06 2.50330434e-06 2.57961840e-06
 2.65826077e-06 2.73929694e-06 2.82280695e-06 2.90885992e-06
 2.99753952e-06 3.08891853e-06 3.18308787e-06 3.28012397e-06
 3.38012139e-06 3.48316383e-06 3.58934950e-06 3.69877299e-06
 3.81153253e-06 3.92772999e-06 4.04746722e-06 4.17085702e-06
 4.29800488e-06 4.42903449e-06 4.56405500e-06 4.70319011e-06
 4.84657077e-06 4.99432068e-06 5.14657446e-06 5.30346670e-06
 5.46514658e-06 5.63175233e-06 5.80344039e-06 5.98035993e-06
 6.16267465e-06 6.35054463e-06 6.54414450e-06 6.74364525e-06
 6.94922877e-06 7.16107699e-06 7.37938634e-06 7.60434965e-06
 7.83617066e-06 8.07505672e-06 8.32122978e-06 8.57490447e-06
 8.83631363e-06 9.10569011e-06 9.38328128e-06 9.66933456e-06
 9.96410823e-06 1.02678643e-05 1.05808864e-05 1.09034475e-05
 1.12358423e-05 1.15783691e-05 1.19313407e-05 1.22950702e-05
 1.26698884e-05 1.30561338e-05 1.34541520e-05 1.38643069e-05
 1.42869622e-05 1.47225035e-05 1.51713239e-05 1.56338272e-05
 1.61104280e-05 1.66015557e-05 1.71076579e-05 1.76291892e-05
 1.81666191e-05 1.87204314e-05 1.92911282e-05 1.98792224e-05
 2.04852417e-05 2.11097390e-05 2.17532710e-05 2.24164235e-05
 2.30997895e-05 2.38039912e-05 2.45296580e-05 2.52774447e-05
 2.60480318e-05 2.68421069e-05 2.76603905e-05 2.85036173e-05
 2.93725516e-05 3.02679756e-05 3.11906933e-05 3.21415416e-05
 3.31213756e-05 3.41310793e-05 3.51715661e-05 3.62437673e-05
 3.73486545e-05 3.84872246e-05 3.96605037e-05 4.08695470e-05
 4.21154496e-05 4.33993323e-05 4.47223521e-05 4.60857025e-05
 4.74906133e-05 4.89383508e-05 5.04302214e-05 5.19675712e-05
 5.35517867e-05 5.51842943e-05 5.68665639e-05 5.86001167e-05
 6.03865173e-05 6.22273705e-05 6.41243428e-05 6.60791373e-05
 6.80935225e-05 7.01693141e-05 7.23083828e-05 7.45126570e-05
 7.67841238e-05 7.91248320e-05 8.15368922e-05 8.40224770e-05
 8.65838317e-05 8.92232638e-05 9.19431531e-05 9.47459527e-05
 9.76341845e-05 1.00610462e-04 1.03677459e-04 1.06837947e-04
 1.10094774e-04 1.13450878e-04 1.16909279e-04 1.20473098e-04
 1.24145551e-04 1.27929946e-04 1.31829696e-04 1.35848311e-04
 1.39989424e-04 1.44256760e-04 1.48654169e-04 1.53185616e-04
 1.57855184e-04 1.62667083e-04 1.67625650e-04 1.72735357e-04
 1.78000809e-04 1.83426753e-04 1.89018074e-04 1.94779819e-04
 2.00717180e-04 2.06835507e-04 2.13140315e-04 2.19637286e-04
 2.26332276e-04 2.33231318e-04 2.40340634e-04 2.47666624e-04
 2.55215896e-04 2.62995253e-04 2.71011701e-04 2.79272471e-04
 2.87785001e-04 2.96556964e-04 3.05596261e-04 3.14911046e-04
 3.24509699e-04 3.34400878e-04 3.44593495e-04 3.55096726e-04
 3.65920042e-04 3.77073185e-04 3.88566208e-04 4.00409463e-04
 4.12613621e-04 4.25189669e-04 4.38148940e-04 4.51503106e-04
 4.65264192e-04 4.79444595e-04 4.94057084e-04 5.09114814e-04
 5.24631353e-04 5.40620670e-04 5.57097158e-04 5.74075658e-04
 5.91571453e-04 6.09600297e-04 6.28178418e-04 6.47322541e-04
 6.67049899e-04 6.87378244e-04 7.08325880e-04 7.29911654e-04
 7.52154992e-04 7.75075916e-04 7.98695041e-04 8.23033623e-04
 8.48113561e-04 8.73957413e-04 9.00588429e-04 9.28030563e-04
 9.56308495e-04 9.85447658e-04 1.01547425e-03 1.04641528e-03
 1.07829856e-03 1.11115275e-03 1.14500739e-03 1.17989290e-03
 1.21584064e-03 1.25288291e-03 1.29105300e-03 1.33038520e-03
 1.37091484e-03 1.41267833e-03 1.45571318e-03 1.50005802e-03
 1.54575268e-03 1.59283818e-03 1.64135679e-03 1.69135204e-03
 1.74286881e-03 1.79595332e-03 1.85065318e-03 1.90701746e-03
 1.96509672e-03 2.02494302e-03 2.08661002e-03 2.15015298e-03
 2.21562886e-03 2.28309632e-03 2.35261579e-03 2.42424955e-03
 2.49806172e-03 2.57411839e-03 2.65248764e-03 2.73323959e-03
 2.81644647e-03 2.90218272e-03 2.99052498e-03 3.08155224e-03
 3.17534584e-03 3.27198958e-03 3.37156978e-03 3.47417536e-03
 3.57989790e-03 3.68883175e-03 3.80107410e-03 3.91672502e-03
 4.03588762e-03 4.15866810e-03 4.28517584e-03 4.41552348e-03
 4.54982706e-03 4.68820607e-03 4.83078361e-03 4.97768643e-03
 5.12904508e-03 5.28499400e-03 5.44567167e-03 5.61122066e-03
 5.78178782e-03 5.95752438e-03 6.13858604e-03 6.32513317e-03
 6.51733087e-03 6.71534917e-03 6.91936314e-03 7.12955304e-03
 7.34610447e-03 7.56920852e-03 7.79906194e-03 8.03586730e-03
 8.27983312e-03 8.53117411e-03 8.79011127e-03 9.05687213e-03
 9.33169090e-03 9.61480865e-03 9.90647355e-03 1.02069410e-02
 1.05164740e-02 1.08353430e-02 1.11638265e-02 1.15022112e-02
 1.18507919e-02 1.22098722e-02 1.25797644e-02 1.29607898e-02
 1.33532792e-02 1.37575727e-02 1.41740203e-02 1.46029822e-02
 1.50448288e-02 1.54999411e-02 1.59687111e-02 1.64515421e-02
 1.69488485e-02 1.74610571e-02 1.79886061e-02 1.85319468e-02
 1.90915428e-02 1.96678709e-02 2.02614214e-02 2.08726982e-02
 2.15022193e-02 2.21505174e-02 2.28181398e-02 2.35056489e-02
 2.42136229e-02 2.49426559e-02 2.56933581e-02 2.64663568e-02
 2.72622960e-02 2.80818375e-02 2.89256611e-02 2.97944648e-02
 3.06889654e-02 3.16098989e-02 3.25580211e-02 3.35341077e-02
 3.45389550e-02 3.55733802e-02 3.66382221e-02 3.77343413e-02
 3.88626206e-02 4.00239657e-02 4.12193057e-02 4.24495931e-02
 4.37158049e-02 4.50189426e-02 4.63600328e-02 4.77401278e-02
 4.91603057e-02 5.06216715e-02 5.21253568e-02 5.36725207e-02
 5.52643503e-02 5.69020610e-02 5.85868967e-02 6.03201308e-02
 6.21030660e-02 6.39370352e-02 6.58234016e-02 6.77635591e-02
 6.97589330e-02 7.18109798e-02 7.39211880e-02 7.60910783e-02
 7.83222037e-02 8.06161500e-02 8.29745359e-02 8.53990134e-02
 8.78912678e-02 9.04530180e-02 9.30860166e-02 9.57920499e-02
 9.85729381e-02 1.01430535e-01 1.04366730e-01 1.07383443e-01
 1.10482630e-01 1.13666280e-01 1.16936416e-01 1.20295093e-01
 1.23744400e-01 1.27286456e-01 1.30923416e-01 1.34657462e-01
 1.38490811e-01 1.42425708e-01 1.46464428e-01 1.50609276e-01
 1.54862584e-01 1.59226711e-01 1.63704044e-01 1.68296993e-01
 1.73007994e-01 1.77839505e-01 1.82794004e-01 1.87873991e-01
 1.93081985e-01 1.98420522e-01 2.03892151e-01 2.09499437e-01
 2.15244957e-01 2.21131298e-01 2.27161053e-01 2.33336823e-01
 2.39661212e-01 2.46136826e-01 2.52766269e-01 2.59552143e-01
 2.66497044e-01 2.73603558e-01 2.80874263e-01 2.88311720e-01
 2.95918477e-01 3.03697059e-01 3.11649972e-01 3.19779695e-01
 3.28088680e-01 3.36579347e-01 3.45254081e-01 3.54115232e-01
 3.63165108e-01 3.72405973e-01 3.81840046e-01 3.91469496e-01
 4.01296437e-01 4.11322930e-01 4.21550976e-01 4.31982512e-01
 4.42619413e-01 4.53463484e-01 4.64516462e-01 4.75780007e-01
 4.87255705e-01 4.98945064e-01 5.10849509e-01 5.22970381e-01
 5.35308938e-01 5.47866348e-01 5.60643688e-01 5.73641946e-01
 5.86862013e-01 6.00304689e-01 6.13970672e-01 6.27860568e-01
 6.41974879e-01 6.56314012e-01 6.70878269e-01 6.85667854e-01
 7.00682869e-01 7.15923313e-01 7.31389085e-01 7.47079982e-01
 7.62995700e-01 7.79135834e-01 7.95499880e-01 8.12087234e-01
 8.28897196e-01 8.45928968e-01 8.63181657e-01 8.80654277e-01
 8.98345749e-01 9.16254906e-01 9.34380490e-01 9.52721161e-01
 9.71275492e-01 9.90041976e-01 1.00901903e+00 1.02820499e+00
 1.04759811e+00 1.06719661e+00 1.08699859e+00 1.10700213e+00
 1.12720522e+00 1.14760580e+00 1.16820175e+00 1.18899092e+00
 1.20997107e+00 1.23113995e+00 1.25249524e+00 1.27403461e+00
 1.29575565e+00 1.31765596e+00 1.33973307e+00 1.36198452e+00
 1.38440779e+00 1.40700037e+00 1.42975969e+00 1.45268321e+00
 1.47576833e+00 1.49901249e+00 1.52241308e+00 1.54596749e+00
 1.56967313e+00 1.59352739e+00 1.61752767e+00 1.64167135e+00
 1.66595586e+00 1.69037861e+00 1.71493701e+00 1.73962850e+00
 1.76445054e+00 1.78940058e+00 1.81447611e+00 1.83967463e+00
 1.86499366e+00 1.89043074e+00 1.91598343e+00 1.94164933e+00
 1.96742606e+00 1.99331124e+00 2.01930255e+00 2.04539768e+00
 2.07159436e+00 2.09789034e+00 2.12428341e+00 2.15077139e+00
 2.17735211e+00 2.20402346e+00 2.23078335e+00 2.25762973e+00
 2.28456058e+00 2.31157389e+00 2.33866773e+00 2.36584016e+00
 2.39308930e+00 2.42041330e+00 2.44781033e+00 2.47527861e+00
 2.50281638e+00 2.53042193e+00 2.55809358e+00 2.58582966e+00
 2.61362856e+00 2.64148870e+00 2.66940852e+00 2.69738651e+00
 2.72542116e+00 2.75351103e+00 2.78165470e+00 2.80985076e+00
 2.83809785e+00 2.86639465e+00 2.89473984e+00 2.92313216e+00
 2.95157036e+00 2.98005322e+00 3.00857957e+00 3.03714823e+00
 3.06575808e+00 3.09440802e+00 3.12309696e+00 3.15182385e+00
 3.18058767e+00 3.20938741e+00 3.23822210e+00 3.26709078e+00
 3.29599253e+00 3.32492644e+00 3.35389163e+00 3.38288723e+00
 3.41191242e+00 3.44096636e+00 3.47004827e+00 3.49915736e+00
 3.52829289e+00 3.55745412e+00 3.58664032e+00 3.61585081e+00
 3.64508490e+00 3.67434193e+00 3.70362126e+00 3.73292226e+00
 3.76224431e+00 3.79158683e+00 3.82094924e+00 3.85033097e+00
 3.87973148e+00 3.90915023e+00 3.93858671e+00 3.96804041e+00
 3.99751084e+00 4.02699753e+00 4.05650001e+00 4.08601783e+00
 4.11555056e+00 4.14509776e+00 4.17465902e+00 4.20423393e+00
 4.23382212e+00 4.26342318e+00 4.29303676e+00 4.32266250e+00
 4.35230004e+00 4.38194904e+00 4.41160918e+00 4.44128013e+00
 4.47096158e+00 4.50065322e+00 4.53035477e+00 4.56006593e+00
 4.58978643e+00 4.61951599e+00 4.64925435e+00 4.67900127e+00
 4.70875648e+00 4.73851974e+00 4.76829084e+00 4.79806953e+00
 4.82785559e+00 4.85764881e+00 4.88744899e+00 4.91725591e+00
 4.94706939e+00 4.97688923e+00 5.00671525e+00 5.03654726e+00
 5.06638509e+00 5.09622857e+00 5.12607754e+00 5.15593183e+00
 5.18579130e+00 5.21565578e+00 5.24552513e+00 5.27539921e+00
 5.30527788e+00 5.33516100e+00 5.36504846e+00 5.39494011e+00
 5.42483583e+00 5.45473552e+00 5.48463904e+00 5.51454629e+00
 5.54445715e+00 5.57437153e+00 5.60428932e+00 5.63421041e+00
 5.66413472e+00 5.69406214e+00 5.72399259e+00 5.75392598e+00
 5.78386221e+00 5.81380122e+00 5.84374290e+00 5.87368720e+00
 5.90363402e+00 5.93358330e+00 5.96353496e+00 5.99348893e+00
 6.02344515e+00 6.05340354e+00 6.08336405e+00 6.11332662e+00
 6.14329117e+00 6.17325765e+00 6.20322602e+00 6.23319620e+00
 6.26316815e+00 6.29314182e+00 6.32311714e+00 6.35309409e+00
 6.38307260e+00 6.41305264e+00 6.44303415e+00 6.47301709e+00
 6.50300143e+00 6.53298711e+00 6.56297411e+00 6.59296237e+00
 6.62295187e+00 6.65294257e+00 6.68293443e+00 6.71292741e+00
 6.74292150e+00 6.77291664e+00 6.80291282e+00 6.83290999e+00
 6.86290814e+00 6.89290722e+00 6.92290723e+00 6.95290812e+00
 6.98290987e+00 7.01291246e+00 7.04291586e+00 7.07292004e+00
 7.10292499e+00 7.13293068e+00 7.16293709e+00 7.19294420e+00
 7.22295199e+00 7.25296043e+00 7.28296951e+00 7.31297921e+00
 7.34298951e+00 7.37300040e+00 7.40301185e+00 7.43302385e+00
 7.46303639e+00 7.49304944e+00 7.52306299e+00 7.55307703e+00
 7.58309155e+00 7.61310651e+00 7.64312193e+00 7.67313778e+00
 7.70315405e+00 7.73317073e+00 7.76318780e+00 7.79320525e+00
 7.82322308e+00 7.85324126e+00 7.88325979e+00 7.91327867e+00
 7.94329788e+00 7.97331740e+00 8.00333725e+00 8.03335738e+00
 8.06337780e+00 8.09339853e+00 8.12341951e+00 8.15344077e+00
 8.18346229e+00 8.21348406e+00 8.24350607e+00 8.27352833e+00
 8.30355080e+00 8.33357350e+00 8.36359643e+00 8.39361955e+00
 8.42364289e+00 8.45366642e+00 8.48369015e+00 8.51371406e+00
 8.54373816e+00 8.57376242e+00 8.60378685e+00 8.63381146e+00
 8.66383623e+00 8.69386115e+00 8.72388622e+00 8.75391143e+00
 8.78393679e+00 8.81396229e+00 8.84398792e+00 8.87401367e+00
 8.90403958e+00 8.93406557e+00 8.96409170e+00 8.99411796e+00
 9.02414432e+00 9.05417077e+00 9.08419734e+00 9.11422403e+00
 9.14425081e+00 9.17427767e+00 9.20430462e+00 9.23433169e+00
 9.26435880e+00 9.29438604e+00 9.32441336e+00 9.35444075e+00
 9.38446822e+00 9.41449574e+00 9.44452336e+00 9.47455105e+00
 9.50457881e+00 9.53460665e+00 9.56463455e+00 9.59466251e+00
 9.62469052e+00 9.65471856e+00 9.68474673e+00 9.71477489e+00
 9.74480317e+00 9.77483145e+00 9.80485976e+00 9.83488817e+00
 9.86491665e+00 9.89494515e+00 9.92497367e+00 9.95500223e+00
 9.98503084e+00 1.00150595e+01 1.00450882e+01 1.00751170e+01
 1.01051458e+01 1.01351746e+01 1.01652034e+01 1.01952323e+01
 1.02252612e+01 1.02552902e+01 1.02853192e+01 1.03153483e+01
 1.03453773e+01 1.03754064e+01 1.04054354e+01 1.04354646e+01
 1.04654938e+01 1.04955229e+01 1.05255522e+01 1.05555814e+01
 1.05856107e+01 1.06156399e+01 1.06456692e+01 1.06756986e+01
 1.07057279e+01 1.07357573e+01 1.07657866e+01 1.07958161e+01
 1.08258454e+01 1.08558749e+01 1.08859044e+01 1.09159338e+01
 1.09459634e+01 1.09759929e+01 1.10060224e+01 1.10360518e+01
 1.10660814e+01 1.10961111e+01 1.11261407e+01 1.11561703e+01
 1.11861998e+01 1.12162295e+01 1.12462590e+01 1.12762887e+01
 1.13063183e+01 1.13363479e+01 1.13663777e+01 1.13964073e+01
 1.14264370e+01 1.14564666e+01 1.14864966e+01 1.15165261e+01
 1.15465559e+01 1.15765857e+01 1.16066156e+01 1.16366452e+01
 1.16666750e+01 1.16967047e+01 1.17267347e+01 1.17567642e+01
 1.17867940e+01 1.18168238e+01 1.18468538e+01 1.18768833e+01
 1.19069133e+01 1.19369431e+01 1.19669732e+01 1.19970028e+01
 1.20270328e+01 1.20570625e+01 1.20870927e+01 1.21171223e+01
 1.21471525e+01 1.21771818e+01 1.22072117e+01 1.22372416e+01
 1.22672719e+01 1.22973014e+01 1.23273312e+01 1.23573618e+01
 1.23873911e+01 1.24174213e+01 1.24474509e+01 1.24774811e+01
 1.25075113e+01 1.25375414e+01 1.25675713e+01 1.25976006e+01
 1.26276310e+01 1.26576604e+01 1.26876911e+01 1.27177203e+01
 1.27477508e+01 1.27777802e+01 1.28078106e+01 1.28378398e+01
 1.28678704e+01 1.28979002e+01 1.29279294e+01 1.29579605e+01
 1.29879906e+01 1.30180193e+01 1.30480502e+01 1.30780795e+01
 1.31081092e+01 1.31381406e+01 1.31681703e+01 1.31981992e+01
 1.32282292e+01 1.32582593e+01 1.32882889e+01 1.33183207e+01
 1.33483494e+01 1.33783793e+01 1.34084087e+01 1.34384392e+01
 1.34684709e+01 1.34984994e+01 1.35285288e+01 1.35585591e+01
 1.35885909e+01 1.36186200e+01 1.36486486e+01 1.36786800e+01
 1.37087091e+01 1.37387409e+01 1.37687684e+01 1.37987984e+01
 1.38288287e+01 1.38588614e+01 1.38888879e+01 1.39189197e+01
 1.39489498e+01 1.39789796e+01 1.40090117e+01 1.40390407e+01
 1.40690707e+01 1.40990978e+01 1.41291281e+01 1.41591594e+01
 1.41891897e+01 1.42192178e+01 1.42492490e+01 1.42792783e+01
 1.43093070e+01 1.43393375e+01 1.43693669e+01 1.43993993e+01
 1.44294269e+01 1.44594625e+01 1.44894928e+01 1.45195183e+01
 1.45495482e+01 1.45795779e+01 1.46096114e+01 1.46396372e+01
 1.46696690e+01 1.46996967e+01 1.47297279e+01 1.47597625e+01
 1.47897920e+01 1.48198171e+01 1.48498503e+01 1.48798849e+01
 1.49099145e+01 1.49399438e+01 1.49699677e+01 1.50000048e+01]

------------------------------------------------------------
Sender: LSF System <lsfadmin@batch1>
Subject: Job 2871640: <gdb9_75> in cluster <summit> Done

Job <gdb9_75> was submitted from host <login2> by user <zachfox> in cluster <summit> at Mon Apr 17 13:01:01 2023
Job was executed on host(s) <1*batch1>, in queue <debug>, as user <zachfox> in cluster <summit> at Mon Apr 17 13:01:27 2023
                            <42*b07n06>
</ccs/home/zachfox> was used as the home directory.
</gpfs/alpine/world-shared/med106/foxzr/discrete-diffusion> was used as the working directory.
Started at Mon Apr 17 13:01:27 2023
Terminated at Mon Apr 17 13:05:25 2023
Results reported at Mon Apr 17 13:05:25 2023

The output (if any) is above this job summary.

